生成启动时间为 2016/11/2 9:47:22。
     1>项目“C:\Users\liuyin14\Desktop\F7\3_Numeric\H1\Shuzhidazuoye\Shuzhidazuoye.vcxproj”在节点 2 上(Rebuild 个目标)。
     1>ClCompile:
         C:\Program Files (x86)\Microsoft Visual Studio 11.0\VC\bin\CL.exe /c /ZI /nologo /W3 /WX- /Od /Oy- /D WIN32 /D _DEBUG /D _CONSOLE /D _UNICODE /D UNICODE /Gm /EHsc /RTC1 /MDd /GS /fp:precise /Zc:wchar_t /Zc:forScope /Fo"Debug\\" /Fd"Debug\vc110.pdb" /Gd /TP /analyze- /errorReport:prompt main.cpp Process.cpp
         Process.cpp
     1>c:\0_soft\opencv\build\include\opencv2\flann\logger.h(66): warning C4996: 'fopen': This function or variable may be unsafe. Consider using fopen_s instead. To disable deprecation, use _CRT_SECURE_NO_WARNINGS. See online help for details.
                 c:\program files (x86)\microsoft visual studio 11.0\vc\include\stdio.h(218) : 参见“fopen”的声明
     1>c:\users\liuyin14\desktop\f7\3_numeric\h1\shuzhidazuoye\process.cpp(174): warning C4244: “=”: 从“double”转换到“int”，可能丢失数据
     1>c:\users\liuyin14\desktop\f7\3_numeric\h1\shuzhidazuoye\process.cpp(175): warning C4244: “=”: 从“double”转换到“int”，可能丢失数据
         main.cpp
     1>c:\0_soft\opencv\build\include\opencv2\flann\logger.h(66): warning C4996: 'fopen': This function or variable may be unsafe. Consider using fopen_s instead. To disable deprecation, use _CRT_SECURE_NO_WARNINGS. See online help for details.
                 c:\program files (x86)\microsoft visual studio 11.0\vc\include\stdio.h(218) : 参见“fopen”的声明
         正在生成代码...
       Link:
         C:\Program Files (x86)\Microsoft Visual Studio 11.0\VC\bin\link.exe /ERRORREPORT:PROMPT /OUT:"C:\Users\liuyin14\Desktop\F7\3_Numeric\H1\Shuzhidazuoye\Debug\Shuzhidazuoye.exe" /INCREMENTAL /NOLOGO C:\0_soft\opencv\build\x86\vc11\lib\opencv_ml2413d.lib C:\0_soft\opencv\build\x86\vc11\lib\opencv_calib3d2413d.lib C:\0_soft\opencv\build\x86\vc11\lib\opencv_contrib2413d.lib C:\0_soft\opencv\build\x86\vc11\lib\opencv_core2413d.lib C:\0_soft\opencv\build\x86\vc11\lib\opencv_features2d2413d.lib C:\0_soft\opencv\build\x86\vc11\lib\opencv_flann2413d.lib C:\0_soft\opencv\build\x86\vc11\lib\opencv_gpu2413d.lib C:\0_soft\opencv\build\x86\vc11\lib\opencv_highgui2413d.lib C:\0_soft\opencv\build\x86\vc11\lib\opencv_imgproc2413d.lib C:\0_soft\opencv\build\x86\vc11\lib\opencv_legacy2413d.lib C:\0_soft\opencv\build\x86\vc11\lib\opencv_objdetect2413d.lib C:\0_soft\opencv\build\x86\vc11\lib\opencv_ts2413d.lib C:\0_soft\opencv\build\x86\vc11\lib\opencv_video2413d.lib C:\0_soft\opencv\build\x86\vc11\lib\opencv_nonfree2413d.lib C:\0_soft\opencv\build\x86\vc11\lib\opencv_ocl2413d.lib C:\0_soft\opencv\build\x86\vc11\lib\opencv_photo2413d.lib C:\0_soft\opencv\build\x86\vc11\lib\opencv_stitching2413d.lib C:\0_soft\opencv\build\x86\vc11\lib\opencv_superres2413d.lib C:\0_soft\opencv\build\x86\vc11\lib\opencv_videostab2413d.lib C:\0_soft\opencv\build\x86\vc11\lib\opencv_objdetect2413.lib C:\0_soft\opencv\build\x86\vc11\lib\opencv_ts2413.lib C:\0_soft\opencv\build\x86\vc11\lib\opencv_video2413.lib C:\0_soft\opencv\build\x86\vc11\lib\opencv_nonfree2413.lib C:\0_soft\opencv\build\x86\vc11\lib\opencv_ocl2413.lib C:\0_soft\opencv\build\x86\vc11\lib\opencv_photo2413.lib C:\0_soft\opencv\build\x86\vc11\lib\opencv_stitching2413.lib C:\0_soft\opencv\build\x86\vc11\lib\opencv_superres2413.lib C:\0_soft\opencv\build\x86\vc11\lib\opencv_videostab2413.lib C:\0_soft\opencv\build\x86\vc11\lib\opencv_calib3d2413.lib C:\0_soft\opencv\build\x86\vc11\lib\opencv_contrib2413.lib C:\0_soft\opencv\build\x86\vc11\lib\opencv_core2413.lib C:\0_soft\opencv\build\x86\vc11\lib\opencv_features2d2413.lib C:\0_soft\opencv\build\x86\vc11\lib\opencv_flann2413.lib C:\0_soft\opencv\build\x86\vc11\lib\opencv_gpu2413.lib C:\0_soft\opencv\build\x86\vc11\lib\opencv_highgui2413.lib C:\0_soft\opencv\build\x86\vc11\lib\opencv_imgproc2413.lib C:\0_soft\opencv\build\x86\vc11\lib\opencv_legacy2413.lib C:\0_soft\opencv\build\x86\vc11\lib\opencv_ml2413.lib kernel32.lib user32.lib gdi32.lib winspool.lib comdlg32.lib advapi32.lib shell32.lib ole32.lib oleaut32.lib uuid.lib odbc32.lib odbccp32.lib /MANIFEST /MANIFESTUAC:"level='asInvoker' uiAccess='false'" /manifest:embed /DEBUG /PDB:"C:\Users\liuyin14\Desktop\F7\3_Numeric\H1\Shuzhidazuoye\Debug\Shuzhidazuoye.pdb" /SUBSYSTEM:CONSOLE /TLBID:1 /DYNAMICBASE /NXCOMPAT /IMPLIB:"C:\Users\liuyin14\Desktop\F7\3_Numeric\H1\Shuzhidazuoye\Debug\Shuzhidazuoye.lib" /MACHINE:X86 Debug\main.obj
         Debug\Process.obj
         Shuzhidazuoye.vcxproj -> C:\Users\liuyin14\Desktop\F7\3_Numeric\H1\Shuzhidazuoye\Debug\Shuzhidazuoye.exe
     1>已完成生成项目“C:\Users\liuyin14\Desktop\F7\3_Numeric\H1\Shuzhidazuoye\Shuzhidazuoye.vcxproj”(Rebuild 个目标)的操作。

生成成功。

已用时间 00:00:04.57
