C:\USERS\LIUYIN14\DESKTOP\F7\3_NUMERIC\H1\SHUZHIDAZUOYE\DEBUG\MAIN.OBJ
C:\USERS\LIUYIN14\DESKTOP\F7\3_NUMERIC\H1\SHUZHIDAZUOYE\DEBUG\PROCESS.OBJ
C:\USERS\LIUYIN14\DESKTOP\F7\3_NUMERIC\H1\SHUZHIDAZUOYE\DEBUG\VC110.PDB
C:\USERS\LIUYIN14\DESKTOP\F7\3_NUMERIC\H1\SHUZHIDAZUOYE\DEBUG\SHUZHIDAZUOYE.ILK
C:\USERS\LIUYIN14\DESKTOP\F7\3_NUMERIC\H1\SHUZHIDAZUOYE\DEBUG\SHUZHIDAZUOYE.EXE
C:\USERS\LIUYIN14\DESKTOP\F7\3_NUMERIC\H1\SHUZHIDAZUOYE\DEBUG\SHUZHIDAZUOYE.PDB
C:\Users\liuyin14\Desktop\F7\3_Numeric\H1\Shuzhidazuoye\Debug\main.obj
C:\Users\liuyin14\Desktop\F7\3_Numeric\H1\Shuzhidazuoye\Debug\Process.obj
C:\Users\liuyin14\Desktop\F7\3_Numeric\H1\Shuzhidazuoye\Debug\Shuzhidazuoye.ilk
C:\Users\liuyin14\Desktop\F7\3_Numeric\H1\Shuzhidazuoye\Debug\cl.command.1.tlog
C:\Users\liuyin14\Desktop\F7\3_Numeric\H1\Shuzhidazuoye\Debug\CL.read.1.tlog
C:\Users\liuyin14\Desktop\F7\3_Numeric\H1\Shuzhidazuoye\Debug\CL.write.1.tlog
C:\Users\liuyin14\Desktop\F7\3_Numeric\H1\Shuzhidazuoye\Debug\link-cvtres.read.1.tlog
C:\Users\liuyin14\Desktop\F7\3_Numeric\H1\Shuzhidazuoye\Debug\link-cvtres.write.1.tlog
C:\Users\liuyin14\Desktop\F7\3_Numeric\H1\Shuzhidazuoye\Debug\link-rc.read.1.tlog
C:\Users\liuyin14\Desktop\F7\3_Numeric\H1\Shuzhidazuoye\Debug\link-rc.write.1.tlog
C:\Users\liuyin14\Desktop\F7\3_Numeric\H1\Shuzhidazuoye\Debug\link.command.1.tlog
C:\Users\liuyin14\Desktop\F7\3_Numeric\H1\Shuzhidazuoye\Debug\link.read.1.tlog
C:\Users\liuyin14\Desktop\F7\3_Numeric\H1\Shuzhidazuoye\Debug\link.write.1.tlog
C:\Users\liuyin14\Desktop\F7\3_Numeric\H1\Shuzhidazuoye\Debug\vc110.idb
C:\Users\liuyin14\Desktop\F7\3_Numeric\H1\Shuzhidazuoye\Debug\Shuzhidazuoye.pdb
C:\Users\liuyin14\Desktop\F7\3_Numeric\H1\Shuzhidazuoye\Debug\vc110.pdb
C:\Users\liuyin14\Desktop\F7\3_Numeric\H1\Shuzhidazuoye\Debug\Shuzhidazuoye.exe
